Using pre-set license
Built from '2020.3/staging' branch; Version is '2020.3.17f1 (a4537701e4ab) revision 10769271'; Using compiler version '192528614'; Build Type 'Release'
OS: 'Windows 10 Home; OS build 19043.1165; Version 2009; 64bit' Language: 'fr' Physical Memory: 3951 MB
BatchMode: 1, IsHumanControllingUs: 0, StartBugReporterOnCrash: 0, Is64bit: 1, IsPro: 0

COMMAND LINE ARGUMENTS:
C:\Program Files\Unity\Hub\Editor\2020.3.17f1\Editor\Unity.exe
-adb2
-batchMode
-noUpm
-name
AssetImportWorker3
-projectPath
C:/Users/anas8/Desktop/Unity my games/Resours/Unity Learn/Jr-Programmer-Project/Jr Programmer Project/Jr-Programmer-Project
-logFile
Logs/AssetImportWorker3.log
-srvPort
63556
Successfully changed project path to: C:/Users/anas8/Desktop/Unity my games/Resours/Unity Learn/Jr-Programmer-Project/Jr Programmer Project/Jr-Programmer-Project
C:/Users/anas8/Desktop/Unity my games/Resours/Unity Learn/Jr-Programmer-Project/Jr Programmer Project/Jr-Programmer-Project
Using Asset Import Pipeline V2.
Refreshing native plugins compatible for Editor in 112.60 ms, found 2 plugins.
Preloading 0 native plugins for Editor in 0.00 ms.
Initialize engine version: 2020.3.17f1 (a4537701e4ab)
[Subsystems] Discovering subsystems at path C:/Program Files/Unity/Hub/Editor/2020.3.17f1/Editor/Data/Resources/UnitySubsystems
[Subsystems] Discovering subsystems at path C:/Users/anas8/Desktop/Unity my games/Resours/Unity Learn/Jr-Programmer-Project/Jr Programmer Project/Jr-Programmer-Project/Assets
GfxDevice: creating device client; threaded=0
Direct3D:
    Version:  Direct3D 11.0 [level 10.1]
    Renderer: NVIDIA NVS 3100M (ID=0xa6c)
    Vendor:   
    VRAM:     459 MB
    Driver:   21.21.13.4201
Could not load symbol clCreateImage : La procédure spécifiée est introuvable.


Could not load symbol clEnqueueFillBuffer : La procédure spécifiée est introuvable.


Could not load symbol clEnqueueFillImage : La procédure spécifiée est introuvable.


Could not load symbol clEnqueueMarkerWithWaitList : La procédure spécifiée est introuvable.


Could not load symbol clGetExtensionFunctionAddressForPlatform : La procédure spécifiée est introuvable.


Could not load symbol clUnloadPlatformCompiler : La procédure spécifiée est introuvable.


Could not load symbol clCreateFromGLTexture : La procédure spécifiée est introuvable.


Initialize mono
Mono path[0] = 'C:/Program Files/Unity/Hub/Editor/2020.3.17f1/Editor/Data/Managed'
Mono path[1] = 'C:/Program Files/Unity/Hub/Editor/2020.3.17f1/Editor/Data/MonoBleedingEdge/lib/mono/unityjit'
Mono config path = 'C:/Program Files/Unity/Hub/Editor/2020.3.17f1/Editor/Data/MonoBleedingEdge/etc'
Using monoOptions --debugger-agent=transport=dt_socket,embedding=1,server=y,suspend=n,address=127.0.0.1:56304
Begin MonoManager ReloadAssembly
Registering precompiled unity dll's ...
Register platform support module: C:/Program Files/Unity/Hub/Editor/2020.3.17f1/Editor/Data/PlaybackEngines/WebGLSupport/UnityEditor.WebGL.Extensions.dll
Register platform support module: C:/Program Files/Unity/Hub/Editor/2020.3.17f1/Editor/Data/PlaybackEngines/WindowsStandaloneSupport/UnityEditor.WindowsStandalone.Extensions.dll
Registered in 0.007108 seconds.
Native extension for WindowsStandalone target not found
Native extension for WebGL target not found
Refreshing native plugins compatible for Editor in 106.92 ms, found 2 plugins.
Preloading 0 native plugins for Editor in 0.00 ms.
Mono: successfully reloaded assembly
- Completed reload, in  3.020 seconds
Domain Reload Profiling:
	ReloadAssembly (3020ms)
		BeginReloadAssembly (123ms)
			ExecutionOrderSort (0ms)
			DisableScriptedObjects (0ms)
			BackupInstance (0ms)
			ReleaseScriptingObjects (0ms)
			CreateAndSetChildDomain (2ms)
		EndReloadAssembly (874ms)
			LoadAssemblies (118ms)
			RebuildTransferFunctionScriptingTraits (0ms)
			SetupTypeCache (279ms)
			ReleaseScriptCaches (0ms)
			RebuildScriptCaches (72ms)
			SetupLoadedEditorAssemblies (369ms)
				LogAssemblyErrors (0ms)
				InitializePlatformSupportModulesInManaged (10ms)
				SetLoadedEditorAssemblies (0ms)
				RefreshPlugins (107ms)
				BeforeProcessingInitializeOnLoad (36ms)
				ProcessInitializeOnLoadAttributes (156ms)
				ProcessInitializeOnLoadMethodAttributes (58ms)
				AfterProcessingInitializeOnLoad (0ms)
				EditorAssembliesLoaded (1ms)
			ExecutionOrderSort2 (0ms)
			AwakeInstancesAfterBackupRestoration (0ms)
Platform modules already initialized, skipping
Registering precompiled user dll's ...
Registered in 0.013315 seconds.
Begin MonoManager ReloadAssembly
Native extension for WindowsStandalone target not found
Native extension for WebGL target not found
Refreshing native plugins compatible for Editor in 102.46 ms, found 2 plugins.
Preloading 0 native plugins for Editor in 0.00 ms.
Mono: successfully reloaded assembly
- Completed reload, in  4.390 seconds
Domain Reload Profiling:
	ReloadAssembly (4392ms)
		BeginReloadAssembly (308ms)
			ExecutionOrderSort (0ms)
			DisableScriptedObjects (9ms)
			BackupInstance (0ms)
			ReleaseScriptingObjects (0ms)
			CreateAndSetChildDomain (38ms)
		EndReloadAssembly (3960ms)
			LoadAssemblies (1906ms)
			RebuildTransferFunctionScriptingTraits (0ms)
			SetupTypeCache (637ms)
			ReleaseScriptCaches (1ms)
			RebuildScriptCaches (126ms)
			SetupLoadedEditorAssemblies (1041ms)
				LogAssemblyErrors (0ms)
				InitializePlatformSupportModulesInManaged (11ms)
				SetLoadedEditorAssemblies (0ms)
				RefreshPlugins (103ms)
				BeforeProcessingInitializeOnLoad (230ms)
				ProcessInitializeOnLoadAttributes (669ms)
				ProcessInitializeOnLoadMethodAttributes (9ms)
				AfterProcessingInitializeOnLoad (18ms)
				EditorAssembliesLoaded (0ms)
			ExecutionOrderSort2 (0ms)
			AwakeInstancesAfterBackupRestoration (14ms)
Platform modules already initialized, skipping
========================================================================
Worker process is ready to serve import requests
Launched and connected shader compiler UnityShaderCompiler.exe after 0.45 seconds
Refreshing native plugins compatible for Editor in 1.15 ms, found 2 plugins.
Preloading 0 native plugins for Editor in 0.00 ms.
Unloading 2789 Unused Serialized files (Serialized files now loaded: 0)
System memory in use before: 126.5 MB.
System memory in use after: 126.7 MB.

Unloading 20 unused Assets to reduce memory usage. Loaded Objects now: 3225.
Total: 6.627200 ms (FindLiveObjects: 0.531700 ms CreateObjectMapping: 0.195800 ms MarkObjects: 5.728900 ms  DeleteObjects: 0.167600 ms)

AssetImportParameters requested are different than current active one (requested -> active):
  custom:framework-win-MediaFoundation: 216162199b28c13a410421893ffa2e32 -> 
  custom:video-decoder-ogg-theora: a1e56fd34408186e4bbccfd4996cb3dc -> 
  custom:container-muxer-webm: aa71ff27fc2769a1b78a27578f13a17b -> 
  custom:container-demuxer-webm: 4f35f7cbe854078d1ac9338744f61a02 -> 
  custom:container-demuxer-ogg: 62fdf1f143b41e24485cea50d1cbac27 -> 
  custom:video-encoder-webm-vp8: eb34c28f22e8b96e1ab97ce403110664 -> 
  custom:video-decoder-webm-vp8: 9c59270c3fd7afecdb556c50c9e8de78 -> 
  custom:audio-decoder-ogg-vorbis: bf7c407c2cedff20999df2af8eb42d56 -> 
  custom:audio-encoder-webm-vorbis: bf7c407c2cedff20999df2af8eb42d56 -> 
========================================================================
Received Import Request.
  path: Assets/AssetStore/Low Poly Forklift/Prefabs
  artifactKey: Guid(2df99a12352d50e429779b30fc7b4200) Importer(815301076,1909f56bfc062723c751e8b465ee728b)
Start importing Assets/AssetStore/Low Poly Forklift/Prefabs using Guid(2df99a12352d50e429779b30fc7b4200) Importer(815301076,1909f56bfc062723c751e8b465ee728b)  -> (artifact id: '9658540cd2e0841efda4770f8e366369') in 0.049713 seconds 
  Import took 0.058399 seconds .

========================================================================
Received Import Request.
  Time since last request: 0.269111 seconds.
  path: Assets/AssetStore/Low Poly Forklift/Models/Carton_02.fbx
  artifactKey: Guid(ec9ff60d56e1ca44db9cbb67d4b142c6) Importer(815301076,1909f56bfc062723c751e8b465ee728b)
Start importing Assets/AssetStore/Low Poly Forklift/Models/Carton_02.fbx using Guid(ec9ff60d56e1ca44db9cbb67d4b142c6) Importer(815301076,1909f56bfc062723c751e8b465ee728b)  -> (artifact id: 'd57abb728a6a7f608f274316aaac3fe7') in 3.013063 seconds 
  Import took 3.041436 seconds .

========================================================================
Received Import Request.
  Time since last request: 0.080751 seconds.
  path: Assets/AssetStore/Low Poly Forklift/Materials/Low_Poly_Metallic.mat
  artifactKey: Guid(70d482aa1842ad0428dc59a3557b7ec2) Importer(815301076,1909f56bfc062723c751e8b465ee728b)
Start importing Assets/AssetStore/Low Poly Forklift/Materials/Low_Poly_Metallic.mat using Guid(70d482aa1842ad0428dc59a3557b7ec2) Importer(815301076,1909f56bfc062723c751e8b465ee728b)  -> (artifact id: '511a9b591d6ebf08ca0307f4f4eb221d') in 0.493795 seconds 
  Import took 0.501741 seconds .

========================================================================
Received Import Request.
  Time since last request: 0.095385 seconds.
  path: Assets/Scenes/Menu.unity
  artifactKey: Guid(ae666798a74d3a5488e0c0ec42a1265d) Importer(815301076,1909f56bfc062723c751e8b465ee728b)
Start importing Assets/Scenes/Menu.unity using Guid(ae666798a74d3a5488e0c0ec42a1265d) Importer(815301076,1909f56bfc062723c751e8b465ee728b)  -> (artifact id: '4ed1dc5d68101d179cdc2385e7e8740d') in 0.005830 seconds 
  Import took 0.015501 seconds .

========================================================================
Received Import Request.
  Time since last request: 0.491175 seconds.
  path: Assets/AssetStore/Low Poly Forklift/Textures/Forklift.png
  artifactKey: Guid(8f84c8ebd59ed3a4cadfec03f3853a03) Importer(815301076,1909f56bfc062723c751e8b465ee728b)
Start importing Assets/AssetStore/Low Poly Forklift/Textures/Forklift.png using Guid(8f84c8ebd59ed3a4cadfec03f3853a03) Importer(815301076,1909f56bfc062723c751e8b465ee728b)  -> (artifact id: '8d20a0f4c8bdac3dd7d146cca68b1f47') in 0.137948 seconds 
  Import took 0.174187 seconds .

========================================================================
Received Import Request.
  Time since last request: 0.239070 seconds.
  path: Assets/Scenes/Main/NavMesh.asset
  artifactKey: Guid(d61eae2e6c56097468263b22feefaff4) Importer(815301076,1909f56bfc062723c751e8b465ee728b)
Start importing Assets/Scenes/Main/NavMesh.asset using Guid(d61eae2e6c56097468263b22feefaff4) Importer(815301076,1909f56bfc062723c751e8b465ee728b)  -> (artifact id: '2cae19867e2e7e1c8835f02c87e1a40d') in 0.033748 seconds 
  Import took 0.053310 seconds .

========================================================================
Received Import Request.
  Time since last request: 0.047697 seconds.
  path: Assets/AssetStore/Low Poly Forklift/Models/Palett.fbx
  artifactKey: Guid(04da887aadfcb6a4fb63947d22ebf899) Importer(815301076,1909f56bfc062723c751e8b465ee728b)
Start importing Assets/AssetStore/Low Poly Forklift/Models/Palett.fbx using Guid(04da887aadfcb6a4fb63947d22ebf899) Importer(815301076,1909f56bfc062723c751e8b465ee728b)  -> (artifact id: '87158236860733da1235c3c4293879b2') in 0.110257 seconds 
  Import took 0.124578 seconds .

========================================================================
Received Import Request.
  Time since last request: 0.618165 seconds.
  path: Assets/AssetStore/Low Poly Forklift/Models/Carton_03.fbx
  artifactKey: Guid(64519c9e282db42468e7afd49e899b13) Importer(815301076,1909f56bfc062723c751e8b465ee728b)
Start importing Assets/AssetStore/Low Poly Forklift/Models/Carton_03.fbx using Guid(64519c9e282db42468e7afd49e899b13) Importer(815301076,1909f56bfc062723c751e8b465ee728b)  -> (artifact id: 'f045e26bb4b16a372ed684652285373e') in 0.158482 seconds 
  Import took 0.187799 seconds .

========================================================================
Received Import Request.
  Time since last request: 1.374805 seconds.
  path: Assets/Scripts/UI/UIMainScene.cs
  artifactKey: Guid(2e89bb6e6749e044e9a9b103f0ad5bc5) Importer(815301076,1909f56bfc062723c751e8b465ee728b)
Start importing Assets/Scripts/UI/UIMainScene.cs using Guid(2e89bb6e6749e044e9a9b103f0ad5bc5) Importer(815301076,1909f56bfc062723c751e8b465ee728b)  -> (artifact id: 'c3ec4e28105764fbd95fd7d6adda0590') in 0.061663 seconds 
  Import took 0.080813 seconds .

========================================================================
Received Import Request.
  Time since last request: 0.088617 seconds.
  path: Assets/AssetStore/Low Poly Forklift/Models
  artifactKey: Guid(d88fb93d8c831424cac7ba01c777e5b1) Importer(815301076,1909f56bfc062723c751e8b465ee728b)
Start importing Assets/AssetStore/Low Poly Forklift/Models using Guid(d88fb93d8c831424cac7ba01c777e5b1) Importer(815301076,1909f56bfc062723c751e8b465ee728b)  -> (artifact id: '2f0c4441f448df2feee4fafd4b96c3b4') in 0.033805 seconds 
  Import took 0.042952 seconds .

========================================================================
Received Import Request.
  Time since last request: 0.079401 seconds.
  path: Assets/AssetStore/Low Poly Forklift/Models/Carton_01.fbx
  artifactKey: Guid(74ff7790b0d0b504d85bc23c4a028eeb) Importer(815301076,1909f56bfc062723c751e8b465ee728b)
Start importing Assets/AssetStore/Low Poly Forklift/Models/Carton_01.fbx using Guid(74ff7790b0d0b504d85bc23c4a028eeb) Importer(815301076,1909f56bfc062723c751e8b465ee728b)  -> (artifact id: 'e21d7b5c000c96136eb93eb300d8015d') in 0.206182 seconds 
  Import took 0.215522 seconds .

========================================================================
Received Import Request.
  Time since last request: 0.634068 seconds.
  path: Assets/AssetStore/Low Poly Forklift/Models/Forklift.fbx
  artifactKey: Guid(d14042fb86936a94197f2e8cda269c65) Importer(815301076,1909f56bfc062723c751e8b465ee728b)
Start importing Assets/AssetStore/Low Poly Forklift/Models/Forklift.fbx using Guid(d14042fb86936a94197f2e8cda269c65) Importer(815301076,1909f56bfc062723c751e8b465ee728b)  -> (artifact id: 'd2c1606ff64f0f7841c164d292084796') in 0.432755 seconds 
  Import took 0.445488 seconds .

========================================================================
Received Import Request.
  Time since last request: 0.240851 seconds.
  path: Assets/AssetStore/Low Poly Forklift/Materials/Low_Poly_Normal 1.mat
  artifactKey: Guid(8874b8a0759feb14a8e47dc89ae9eb5a) Importer(815301076,1909f56bfc062723c751e8b465ee728b)
Start importing Assets/AssetStore/Low Poly Forklift/Materials/Low_Poly_Normal 1.mat using Guid(8874b8a0759feb14a8e47dc89ae9eb5a) Importer(815301076,1909f56bfc062723c751e8b465ee728b)  -> (artifact id: '2fce7052e679ceb60d18a106147c0ed4') in 0.037417 seconds 
  Import took 0.051663 seconds .

========================================================================
Received Import Request.
  Time since last request: 0.193670 seconds.
  path: Assets/AssetStore/Low Poly Forklift/Textures
  artifactKey: Guid(3b77ca554007f764ab3b90b213761936) Importer(815301076,1909f56bfc062723c751e8b465ee728b)
Start importing Assets/AssetStore/Low Poly Forklift/Textures using Guid(3b77ca554007f764ab3b90b213761936) Importer(815301076,1909f56bfc062723c751e8b465ee728b)  -> (artifact id: '05677e879adffa948bba8cb4678348bd') in 0.041605 seconds 
  Import took 0.051074 seconds .

========================================================================
Received Import Request.
  Time since last request: 0.076077 seconds.
  path: Assets/AssetStore/Low Poly Forklift
  artifactKey: Guid(670f3af08257b3f4b864e22378d1010c) Importer(815301076,1909f56bfc062723c751e8b465ee728b)
Start importing Assets/AssetStore/Low Poly Forklift using Guid(670f3af08257b3f4b864e22378d1010c) Importer(815301076,1909f56bfc062723c751e8b465ee728b)  -> (artifact id: 'ec69329cf8c96e1550c6341ea96c5c17') in 0.031881 seconds 
  Import took 0.039780 seconds .

========================================================================
Received Import Request.
  Time since last request: 0.064769 seconds.
  path: Assets/AssetStore/Low Poly Forklift/Materials
  artifactKey: Guid(feeddabb4891d9d48b58bce6e755ad55) Importer(815301076,1909f56bfc062723c751e8b465ee728b)
Start importing Assets/AssetStore/Low Poly Forklift/Materials using Guid(feeddabb4891d9d48b58bce6e755ad55) Importer(815301076,1909f56bfc062723c751e8b465ee728b)  -> (artifact id: 'ef2623f9e74174aec7a8dab4c86a5272') in 0.005013 seconds 
  Import took 0.039071 seconds .

AssetImportWorkerClient::OnTransportError - code=2 error=End of file
