Using pre-set license
Built from '2020.3/staging' branch; Version is '2020.3.11f1 (99c7afb366b3) revision 10078127'; Using compiler version '192528614'; Build Type 'Release'
OS: 'Windows 10 Home; OS build 19043.1165; Version 2009; 64bit' Language: 'fr' Physical Memory: 3951 MB
BatchMode: 1, IsHumanControllingUs: 0, StartBugReporterOnCrash: 0, Is64bit: 1, IsPro: 0

 COMMAND LINE ARGUMENTS:
C:\Program Files\Unity\Hub\Editor\2020.3.11f1\Editor\Unity.exe
-adb2
-batchMode
-noUpm
-name
AssetImportWorker8
-projectPath
C:/Users/anas8/Desktop/Unity my games/Resours/Unity Learn/Jr-Programmer-Project/Jr Programmer Project/Jr-Programmer-Project
-logFile
Logs/AssetImportWorker8.log
-srvPort
54402
Successfully changed project path to: C:/Users/anas8/Desktop/Unity my games/Resours/Unity Learn/Jr-Programmer-Project/Jr Programmer Project/Jr-Programmer-Project
C:/Users/anas8/Desktop/Unity my games/Resours/Unity Learn/Jr-Programmer-Project/Jr Programmer Project/Jr-Programmer-Project
Using Asset Import Pipeline V2.
Refreshing native plugins compatible for Editor in 245.32 ms, found 2 plugins.
Preloading 0 native plugins for Editor in 0.00 ms.
Initialize engine version: 2020.3.11f1 (99c7afb366b3)
[Subsystems] Discovering subsystems at path C:/Program Files/Unity/Hub/Editor/2020.3.11f1/Editor/Data/Resources/UnitySubsystems
[Subsystems] Discovering subsystems at path C:/Users/anas8/Desktop/Unity my games/Resours/Unity Learn/Jr-Programmer-Project/Jr Programmer Project/Jr-Programmer-Project/Assets
GfxDevice: creating device client; threaded=0
Direct3D:
    Version:  Direct3D 11.0 [level 10.1]
    Renderer: NVIDIA NVS 3100M (ID=0xa6c)
    Vendor:   
    VRAM:     459 MB
    Driver:   21.21.13.4201
Shader 'Universal Render Pipeline/Particles/Lit': fallback shader 'Universal Render Pipeline/Particles/SimpleLit' not found
Could not load symbol clCreateImage : La procédure spécifiée est introuvable.


Could not load symbol clEnqueueFillBuffer : La procédure spécifiée est introuvable.


Could not load symbol clEnqueueFillImage : La procédure spécifiée est introuvable.


Could not load symbol clEnqueueMarkerWithWaitList : La procédure spécifiée est introuvable.


Could not load symbol clGetExtensionFunctionAddressForPlatform : La procédure spécifiée est introuvable.


Could not load symbol clUnloadPlatformCompiler : La procédure spécifiée est introuvable.


Could not load symbol clCreateFromGLTexture : La procédure spécifiée est introuvable.


Initialize mono
Mono path[0] = 'C:/Program Files/Unity/Hub/Editor/2020.3.11f1/Editor/Data/Managed'
Mono path[1] = 'C:/Program Files/Unity/Hub/Editor/2020.3.11f1/Editor/Data/MonoBleedingEdge/lib/mono/unityjit'
Mono config path = 'C:/Program Files/Unity/Hub/Editor/2020.3.11f1/Editor/Data/MonoBleedingEdge/etc'
Using monoOptions --debugger-agent=transport=dt_socket,embedding=1,server=y,suspend=n,address=127.0.0.1:56924
Begin MonoManager ReloadAssembly
